<?xml version="1.0" encoding="UTF-8"?>
<!-- Generated by org.testng.reporters.JUnitReportReporter -->
<testsuite hostname="LIN25008829" failures="0" tests="3" name="testcases.TC003_LoginDDT" time="27.263" errors="0" timestamp="2025-02-24T10:44:44 IST" skipped="0">
  <testcase classname="testcases.TC003_LoginDDT" name="verify_loginDDT" time="11.422"/>
  <system-out/>
  <testcase classname="testcases.TC003_LoginDDT" name="verify_loginDDT" time="4.498"/>
  <system-out/>
  <testcase classname="testcases.TC003_LoginDDT" name="verify_loginDDT" time="11.343"/>
  <system-out/>
</testsuite> <!-- testcases.TC003_LoginDDT -->
