<?xml version="1.0" encoding="UTF-8"?>
<!-- Generated by org.testng.reporters.JUnitReportReporter -->
<testsuite hostname="LIN25008829" failures="0" tests="1" name="testcases.TC002_LoginTest" time="7.740" errors="0" timestamp="2025-02-25T20:31:29 IST" skipped="0">
  <testcase classname="testcases.TC002_LoginTest" name="LoginTest" time="7.740"/>
  <system-out/>
</testsuite> <!-- testcases.TC002_LoginTest -->
